# JRE version: OpenJDK Runtime Environment (8.0_76-b03) (build 1.8.0_76-release-b03)
# Java VM: OpenJDK 64-Bit Server VM (25.76-b03 mixed mode windows-amd64 compressed oops)
Heap:
 PSYoungGen      total 211456K, used 164212K [0x00000000eab00000, 0x00000000fc400000, 0x0000000100000000)
  eden space 175616K, 73% used [0x00000000eab00000,0x00000000f285ecd8,0x00000000f5680000)
  from space 35840K, 99% used [0x00000000f9a00000,0x00000000fbcfe450,0x00000000fbd00000)
  to   space 7168K, 0% used [0x00000000fbd00000,0x00000000fbd00000,0x00000000fc400000)
 ParOldGen       total 90112K, used 66285K [0x00000000c0000000, 0x00000000c5800000, 0x00000000eab00000)
  object space 90112K, 73% used [0x00000000c0000000,0x00000000c40bb7d0,0x00000000c5800000)
 Metaspace       used 6511K, capacity 7218K, committed 7296K, reserved 1056768K
  class space    used 599K, capacity 618K, committed 640K, reserved 1048576K
GC Heap History (10 events):
Event: 4.865 GC heap before
{Heap before GC invocations=6 (full 0):
 PSYoungGen      total 68096K, used 68083K [0x00000000eab00000, 0x00000000f4900000, 0x0000000100000000)
  eden space 65536K, 100% used [0x00000000eab00000,0x00000000eeb00000,0x00000000eeb00000)
  from space 2560K, 99% used [0x00000000eeb00000,0x00000000eed7cec8,0x00000000eed80000)
  to   space 15360K, 0% used [0x00000000f3a00000,0x00000000f3a00000,0x00000000f4900000)
 ParOldGen       total 44032K, used 22632K [0x00000000c0000000, 0x00000000c2b00000, 0x00000000eab00000)
  object space 44032K, 51% used [0x00000000c0000000,0x00000000c161a3d0,0x00000000c2b00000)
 Metaspace       used 6453K, capacity 7218K, committed 7296K, reserved 1056768K
  class space    used 597K, capacity 618K, committed 640K, reserved 1048576K
Event: 4.977 GC heap after
Heap after GC invocations=6 (full 0):
 PSYoungGen      total 144384K, used 12931K [0x00000000eab00000, 0x00000000f4d00000, 0x0000000100000000)
  eden space 129024K, 0% used [0x00000000eab00000,0x00000000eab00000,0x00000000f2900000)
  from space 15360K, 84% used [0x00000000f3a00000,0x00000000f46a0f48,0x00000000f4900000)
  to   space 17408K, 0% used [0x00000000f2900000,0x00000000f2900000,0x00000000f3a00000)
 ParOldGen       total 44032K, used 22640K [0x00000000c0000000, 0x00000000c2b00000, 0x00000000eab00000)
  object space 44032K, 51% used [0x00000000c0000000,0x00000000c161c3d0,0x00000000c2b00000)
 Metaspace       used 6453K, capacity 7218K, committed 7296K, reserved 1056768K
  class space    used 597K, capacity 618K, committed 640K, reserved 1048576K
}
Event: 8.063 GC heap before
{Heap before GC invocations=7 (full 0):
 PSYoungGen      total 144384K, used 141955K [0x00000000eab00000, 0x00000000f4d00000, 0x0000000100000000)
  eden space 129024K, 100% used [0x00000000eab00000,0x00000000f2900000,0x00000000f2900000)
  from space 15360K, 84% used [0x00000000f3a00000,0x00000000f46a0f48,0x00000000f4900000)
  to   space 17408K, 0% used [0x00000000f2900000,0x00000000f2900000,0x00000000f3a00000)
 ParOldGen       total 44032K, used 22640K [0x00000000c0000000, 0x00000000c2b00000, 0x00000000eab00000)
  object space 44032K, 51% used [0x00000000c0000000,0x00000000c161c3d0,0x00000000c2b00000)
 Metaspace       used 6484K, capacity 7218K, committed 7296K, reserved 1056768K
  class space    used 597K, capacity 618K, committed 640K, reserved 1048576K
Event: 8.573 GC heap after
Heap after GC invocations=7 (full 0):
 PSYoungGen      total 146432K, used 17391K [0x00000000eab00000, 0x00000000fe000000, 0x0000000100000000)
  eden space 129024K, 0% used [0x00000000eab00000,0x00000000eab00000,0x00000000f2900000)
  from space 17408K, 99% used [0x00000000f2900000,0x00000000f39fbc38,0x00000000f3a00000)
  to   space 29184K, 0% used [0x00000000fc380000,0x00000000fc380000,0x00000000fe000000)
 ParOldGen       total 44032K, used 39161K [0x00000000c0000000, 0x00000000c2b00000, 0x00000000eab00000)
  object space 44032K, 88% used [0x00000000c0000000,0x00000000c263e620,0x00000000c2b00000)
 Metaspace       used 6484K, capacity 7218K, committed 7296K, reserved 1056768K
  class space    used 597K, capacity 618K, committed 640K, reserved 1048576K
}
Event: 8.573 GC heap before
{Heap before GC invocations=8 (full 1):
 PSYoungGen      total 146432K, used 17391K [0x00000000eab00000, 0x00000000fe000000, 0x0000000100000000)
  eden space 129024K, 0% used [0x00000000eab00000,0x00000000eab00000,0x00000000f2900000)
  from space 17408K, 99% used [0x00000000f2900000,0x00000000f39fbc38,0x00000000f3a00000)
  to   space 29184K, 0% used [0x00000000fc380000,0x00000000fc380000,0x00000000fe000000)
 ParOldGen       total 44032K, used 39161K [0x00000000c0000000, 0x00000000c2b00000, 0x00000000eab00000)
  object space 44032K, 88% used [0x00000000c0000000,0x00000000c263e620,0x00000000c2b00000)
 Metaspace       used 6484K, capacity 7218K, committed 7296K, reserved 1056768K
  class space    used 597K, capacity 618K, committed 640K, reserved 1048576K
Event: 12.559 GC heap after
Heap after GC invocations=8 (full 1):
 PSYoungGen      total 146432K, used 10184K [0x00000000eab00000, 0x00000000fe000000, 0x0000000100000000)
  eden space 129024K, 0% used [0x00000000eab00000,0x00000000eab00000,0x00000000f2900000)
  from space 17408K, 58% used [0x00000000f2900000,0x00000000f32f2268,0x00000000f3a00000)
  to   space 29184K, 0% used [0x00000000fc380000,0x00000000fc380000,0x00000000fe000000)
 ParOldGen       total 90112K, used 43681K [0x00000000c0000000, 0x00000000c5800000, 0x00000000eab00000)
  object space 90112K, 48% used [0x00000000c0000000,0x00000000c2aa8668,0x00000000c5800000)
 Metaspace       used 6484K, capacity 7218K, committed 7296K, reserved 1056768K
  class space    used 597K, capacity 618K, committed 640K, reserved 1048576K
}
Event: 16.999 GC heap before
{Heap before GC invocations=9 (full 1):
 PSYoungGen      total 146432K, used 139208K [0x00000000eab00000, 0x00000000fe000000, 0x0000000100000000)
  eden space 129024K, 100% used [0x00000000eab00000,0x00000000f2900000,0x00000000f2900000)
  from space 17408K, 58% used [0x00000000f2900000,0x00000000f32f2268,0x00000000f3a00000)
  to   space 29184K, 0% used [0x00000000fc380000,0x00000000fc380000,0x00000000fe000000)
 ParOldGen       total 90112K, used 43681K [0x00000000c0000000, 0x00000000c5800000, 0x00000000eab00000)
  object space 90112K, 48% used [0x00000000c0000000,0x00000000c2aa8668,0x00000000c5800000)
 Metaspace       used 6490K, capacity 7218K, committed 7296K, reserved 1056768K
  class space    used 597K, capacity 618K, committed 640K, reserved 1048576K
Event: 17.330 GC heap after
Heap after GC invocations=9 (full 1):
 PSYoungGen      total 183808K, used 29180K [0x00000000eab00000, 0x00000000fe000000, 0x0000000100000000)
  eden space 154624K, 0% used [0x00000000eab00000,0x00000000eab00000,0x00000000f4200000)
  from space 29184K, 99% used [0x00000000fc380000,0x00000000fdfff2f0,0x00000000fe000000)
  to   space 35840K, 0% used [0x00000000f9a00000,0x00000000f9a00000,0x00000000fbd00000)
 ParOldGen       total 90112K, used 46494K [0x00000000c0000000, 0x00000000c5800000, 0x00000000eab00000)
  object space 90112K, 51% used [0x00000000c0000000,0x00000000c2d67910,0x00000000c5800000)
 Metaspace       used 6490K, capacity 7218K, committed 7296K, reserved 1056768K
  class space    used 597K, capacity 618K, committed 640K, reserved 1048576K
}
Event: 21.248 GC heap before
{Heap before GC invocations=10 (full 1):
 PSYoungGen      total 183808K, used 183804K [0x00000000eab00000, 0x00000000fe000000, 0x0000000100000000)
  eden space 154624K, 100% used [0x00000000eab00000,0x00000000f4200000,0x00000000f4200000)
  from space 29184K, 99% used [0x00000000fc380000,0x00000000fdfff2f0,0x00000000fe000000)
  to   space 35840K, 0% used [0x00000000f9a00000,0x00000000f9a00000,0x00000000fbd00000)
 ParOldGen       total 90112K, used 46494K [0x00000000c0000000, 0x00000000c5800000, 0x00000000eab00000)
  object space 90112K, 51% used [0x00000000c0000000,0x00000000c2d67910,0x00000000c5800000)
 Metaspace       used 6507K, capacity 7218K, committed 7296K, reserved 1056768K
  class space    used 599K, capacity 618K, committed 640K, reserved 1048576K
Event: 21.832 GC heap after
Heap after GC invocations=10 (full 1):
 PSYoungGen      total 211456K, used 35833K [0x00000000eab00000, 0x00000000fc400000, 0x0000000100000000)
  eden space 175616K, 0% used [0x00000000eab00000,0x00000000eab00000,0x00000000f5680000)
  from space 35840K, 99% used [0x00000000f9a00000,0x00000000fbcfe450,0x00000000fbd00000)
  to   space 7168K, 0% used [0x00000000fbd00000,0x00000000fbd00000,0x00000000fc400000)
 ParOldGen       total 90112K, used 66285K [0x00000000c0000000, 0x00000000c5800000, 0x00000000eab00000)
  object space 90112K, 73% used [0x00000000c0000000,0x00000000c40bb7d0,0x00000000c5800000)
 Metaspace       used 6507K, capacity 7218K, committed 7296K, reserved 1056768K
  class space    used 599K, capacity 618K, committed 640K, reserved 1048576K
}

